
> project-management-system@1.0.0 build
> vite build

[33mThe CJS build of Vite's Node API is deprecated. See https://vite.dev/guide/troubleshooting.html#vite-cjs-node-api-deprecated for more details.[39m
[36mvite v5.4.21 [32mbuilding for production...[36m[39m
transforming...
[1m[33m[plugin:vite:resolve][39m[22m [33m[plugin vite:resolve] Module "net" has been externalized for browser compatibility, imported by "C:/Users/Jakgrits/project-mgnt/node_modules/pg/lib/connection.js". See https://vite.dev/guide/troubleshooting.html#module-externalized-for-browser-compatibility for more details.[39m
[1m[33m[plugin:vite:resolve][39m[22m [33m[plugin vite:resolve] Module "net" has been externalized for browser compatibility, imported by "C:/Users/Jakgrits/project-mgnt/node_modules/pg/lib/stream.js". See https://vite.dev/guide/troubleshooting.html#module-externalized-for-browser-compatibility for more details.[39m
[1m[33m[plugin:vite:resolve][39m[22m [33m[plugin vite:resolve] Module "tls" has been externalized for browser compatibility, imported by "C:/Users/Jakgrits/project-mgnt/node_modules/pg/lib/stream.js". See https://vite.dev/guide/troubleshooting.html#module-externalized-for-browser-compatibility for more details.[39m
[1m[33m[plugin:vite:resolve][39m[22m [33m[plugin vite:resolve] Module "fs" has been externalized for browser compatibility, imported by "C:/Users/Jakgrits/project-mgnt/node_modules/pgpass/lib/index.js". See https://vite.dev/guide/troubleshooting.html#module-externalized-for-browser-compatibility for more details.[39m
[1m[33m[plugin:vite:resolve][39m[22m [33m[plugin vite:resolve] Module "dns" has been externalized for browser compatibility, imported by "C:/Users/Jakgrits/project-mgnt/node_modules/pg/lib/connection-parameters.js". See https://vite.dev/guide/troubleshooting.html#module-externalized-for-browser-compatibility for more details.[39m
[1m[33m[plugin:vite:resolve][39m[22m [33m[plugin vite:resolve] Module "fs" has been externalized for browser compatibility, imported by "C:/Users/Jakgrits/project-mgnt/node_modules/pg-connection-string/index.js". See https://vite.dev/guide/troubleshooting.html#module-externalized-for-browser-compatibility for more details.[39m
[32mâś“[39m 2468 modules transformed.
[31mx[39m Build failed in 8.37s
[31merror during build:
[31m[commonjs--resolver] Could not load vite-compatible-readable-stream/lib/_stream_readable.js: ENOENT: no such file or directory, open 'c:\Users\Jakgrits\project-mgnt\vite-compatible-readable-stream\lib\_stream_readable.js'[31m
file: [36mC:/Users/Jakgrits/project-mgnt/node_modules/pg/lib/index.js[31m
    at async open (node:internal/fs/promises:638:25)
    at async Object.readFile (node:internal/fs/promises:1242:14)
    at async Object.load (file:///c:/Users/Jakgrits/project-mgnt/node_modules/vite/dist/node/chunks/dep-BK3b2jBa.js:65357:25)
    at async PluginDriver.hookFirstAndGetPlugin (file:///c:/Users/Jakgrits/project-mgnt/node_modules/rollup/dist/es/shared/node-entry.js:22333:28)
    at async file:///c:/Users/Jakgrits/project-mgnt/node_modules/rollup/dist/es/shared/node-entry.js:21333:33
    at async Queue.work (file:///c:/Users/Jakgrits/project-mgnt/node_modules/rollup/dist/es/shared/node-entry.js:22561:32)[39m
